<?xml version="1.0" encoding="UTF-8"?>
<testsuite xmlns:xsi="http://www.w3.org/2001/XMLSchema-instance" xsi:noNamespaceSchemaLocation="https://maven.apache.org/surefire/maven-surefire-plugin/xsd/surefire-test-report-3.0.xsd" version="3.0" name="es.udc.ws.app.test.model.appservice.AppServiceTest" time="0.564" tests="10" errors="0" skipped="0" failures="0">
  <properties>
[...]
</properties>
  <testcase name="testfindPartidos" classname="es.udc.ws.app.test.model.appservice.AppServiceTest" time="0.202"/>
  <testcase name="testRecogidaEntradasTarjetaErronea" classname="es.udc.ws.app.test.model.appservice.AppServiceTest" time="0.032"/>
  <testcase name="testFindNonExistentPartido" classname="es.udc.ws.app.test.model.appservice.AppServiceTest" time="0.005"/>
  <testcase name="testRecogidaEntradas" classname="es.udc.ws.app.test.model.appservice.AppServiceTest" time="0.034"/>
  <testcase name="testAddInvalidPartido" classname="es.udc.ws.app.test.model.appservice.AppServiceTest" time="0.006"/>
  <testcase name="testfindCompras" classname="es.udc.ws.app.test.model.appservice.AppServiceTest" time="0.085"/>
  <testcase name="testCompra" classname="es.udc.ws.app.test.model.appservice.AppServiceTest" time="0.062"/>
  <testcase name="testfindAll" classname="es.udc.ws.app.test.model.appservice.AppServiceTest" time="0.062"/>
  <testcase name="testfinByIdCompras" classname="es.udc.ws.app.test.model.appservice.AppServiceTest" time="0.034"/>
  <testcase name="testAddPartidoAndFinById" classname="es.udc.ws.app.test.model.appservice.AppServiceTest" time="0.019"/>
</testsuite>